<?xml version="1.0" encoding="UTF-8"?>
<testsuite xmlns:xsi="http://www.w3.org/2001/XMLSchema-instance" xsi:noNamespaceSchemaLocation="https://maven.apache.org/surefire/maven-surefire-plugin/xsd/surefire-test-report-3.0.xsd" version="3.0" name="SpringBootApplication.SbRestAppiWebClientApp30ApplicationTests" time="33.206" tests="1" errors="0" skipped="0" failures="0">
  <properties>
[...]
</properties>
  <testcase name="contextLoads" classname="SpringBootApplication.SbRestAppiWebClientApp30ApplicationTests" time="18.8">
    <system-out><![CDATA[00:51:27.781 [main] INFO org.springframework.test.context.support.AnnotationConfigContextLoaderUtils -- Could not detect default configuration classes for test class [SpringBootApplication.SbRestAppiWebClientApp30ApplicationTests]: SbRestAppiWebClientApp30ApplicationTests does not declare any static, non-private, non-final, nested classes annotated with @Configuration.
00:51:29.007 [main] INFO org.springframework.boot.test.context.SpringBootTestContextBootstrapper -- Found @SpringBootConfiguration SpringBootApplication.SbRestAppiWebClientApp30Application for test class SpringBootApplication.SbRestAppiWebClientApp30ApplicationTests
00:51:30.633 [main] INFO org.springframework.boot.devtools.restart.RestartApplicationListener -- Restart disabled due to context in which it is running

  .   ____          _            __ _ _
 /\\ / ___'_ __ _ _(_)_ __  __ _ \ \ \ \
( ( )\___ | '_ | '_| | '_ \/ _` | \ \ \ \
 \\/  ___)| |_)| | | | | || (_| |  ) ) ) )
  '  |____| .__|_| |_|_| |_\__, | / / / /
 =========|_|==============|___/=/_/_/_/
 :: Spring Boot ::                (v3.2.6)

2024-05-29T00:51:32.715+05:30  INFO 2328 --- [SB-RestAppi-WebClient-APP-30] [           main] SbRestAppiWebClientApp30ApplicationTests : Starting SbRestAppiWebClientApp30ApplicationTests using Java 17.0.9 with PID 2328 (started by pc in H:\SpringBoot\workspace_temp\SB-RestAppi-WebClient-APP-30)
2024-05-29T00:51:32.750+05:30  INFO 2328 --- [SB-RestAppi-WebClient-APP-30] [           main] SbRestAppiWebClientApp30ApplicationTests : No active profile set, falling back to 1 default profile: "default"
2024-05-29T00:51:40.773+05:30  INFO 2328 --- [SB-RestAppi-WebClient-APP-30] [           main] SbRestAppiWebClientApp30ApplicationTests : Started SbRestAppiWebClientApp30ApplicationTests in 10.218 seconds (process running for 21.027)
]]></system-out>
  </testcase>
</testsuite>